<?xml version="1.0" encoding="UTF-8"?>
<!-- Generated by org.testng.reporters.JUnitReportReporter -->
<testsuite hostname="Yunuss-MacBook-Pro.local" failures="0" tests="2" name="com.class04.SaucedemoParameters" time="13.641" errors="0" timestamp="07 Jun 2019 01:28:29 GMT" skipped="0">
  <testcase classname="com.class04.SaucedemoParameters" name="Username1" time="6.894"/>
  <testcase classname="com.class04.SaucedemoParameters" name="Username2" time="6.747"/>
</testsuite> <!-- com.class04.SaucedemoParameters -->
