<?xml version="1.0" encoding="UTF-8"?>
<!-- Generated by org.testng.reporters.JUnitReportReporter -->
<testsuite hostname="Yunuss-MacBook-Pro.local" failures="0" tests="4" name="com.class05.taskOneByTeam" time="17.307" errors="0" timestamp="12 Jun 2019 02:35:12 GMT" skipped="0">
  <testcase classname="com.class05.taskOneByTeam" name="testUsers" time="3.835"/>
  <testcase classname="com.class05.taskOneByTeam" name="testUsers" time="4.900"/>
  <testcase classname="com.class05.taskOneByTeam" name="testUsers" time="5.036"/>
  <testcase classname="com.class05.taskOneByTeam" name="testUsers" time="3.536"/>
</testsuite> <!-- com.class05.taskOneByTeam -->
