<?xml version="1.0" encoding="UTF-8"?>
<!-- Generated by org.testng.reporters.JUnitReportReporter -->
<testsuite hostname="Yunuss-MacBook-Pro.local" failures="0" tests="2" name="com.class05.demoTest" time="12.578" errors="0" timestamp="13 Jun 2019 21:26:36 GMT" skipped="0">
  <testcase classname="com.class05.demoTest" name="testCrossBrowser" time="6.047"/>
  <testcase classname="com.class05.demoTest" name="testCrossBrowser" time="6.531"/>
</testsuite> <!-- com.class05.demoTest -->
