<?xml version="1.0" encoding="UTF-8"?>
<!-- Generated by org.testng.reporters.JUnitReportReporter -->
<testsuite hostname="Yunuss-MacBook-Pro.local" failures="0" tests="6" name="com.class03.BasicXMlPartTwo" time="0.004" errors="0" timestamp="06 Jun 2019 15:50:13 GMT" skipped="0">
  <testcase classname="com.class03.BasicXMlPartTwo" name="testSecondFromBasic2" time="0.001"/>
  <testcase classname="com.class03.BasicXMlPartTwo" name="testThirdFromBasic2" time="0.001"/>
  <testcase classname="com.class03.BasicXMlPartTwo" name="testOneFromBasic2" time="0.001"/>
  <testcase classname="com.class03.BasicXMlPartTwo" name="testOneFromBasic2" time="0.000"/>
  <testcase classname="com.class03.BasicXMlPartTwo" name="testSecondFromBasic2" time="0.000"/>
  <testcase classname="com.class03.BasicXMlPartTwo" name="testThirdFromBasic2" time="0.001"/>
</testsuite> <!-- com.class03.BasicXMlPartTwo -->
