<?xml version="1.0" encoding="UTF-8"?>
<!-- Generated by org.testng.reporters.JUnitReportReporter -->
<testsuite hostname="Yunuss-MacBook-Pro.local" failures="0" tests="2" name="com.class02.Task1" time="2.289" errors="0" timestamp="31 May 2019 00:16:35 GMT" skipped="0">
  <testcase classname="com.class02.Task1" name="verifyTitle" time="0.007"/>
  <testcase classname="com.class02.Task1" name="login" time="2.282"/>
</testsuite> <!-- com.class02.Task1 -->
