<?xml version="1.0" encoding="UTF-8"?>
<!-- Generated by org.testng.reporters.JUnitReportReporter -->
<testsuite hostname="Yunuss-MacBook-Pro.local" failures="0" tests="2" name="com.class01.BeforeAndAfterMethod" time="0.008" errors="0" timestamp="31 May 2019 20:15:09 GMT" skipped="0">
  <testcase classname="com.class01.BeforeAndAfterMethod" name="testMethodOne" time="0.003"/>
  <testcase classname="com.class01.BeforeAndAfterMethod" name="testMethodTwo" time="0.005"/>
</testsuite> <!-- com.class01.BeforeAndAfterMethod -->
