<?xml version="1.0" encoding="UTF-8"?>
<!-- Generated by org.testng.reporters.JUnitReportReporter -->
<testsuite hostname="Yunuss-MacBook-Pro.local" failures="0" tests="6" name="com.class03.BasicXMLPartOne" time="0.010" errors="0" timestamp="06 Jun 2019 15:50:13 GMT" skipped="0">
  <testcase classname="com.class03.BasicXMLPartOne" name="testOneFromBasic1" time="0.006"/>
  <testcase classname="com.class03.BasicXMLPartOne" name="testSecondFromBasic1" time="0.001"/>
  <testcase classname="com.class03.BasicXMLPartOne" name="testOneFromBasic1" time="0.000"/>
  <testcase classname="com.class03.BasicXMLPartOne" name="testThirdFromBasic1" time="0.001"/>
  <testcase classname="com.class03.BasicXMLPartOne" name="testSecondFromBasic1" time="0.001"/>
  <testcase classname="com.class03.BasicXMLPartOne" name="testThirdFromBasic1" time="0.001"/>
</testsuite> <!-- com.class03.BasicXMLPartOne -->
