<?xml version="1.0" encoding="UTF-8"?>
<!-- Generated by org.testng.reporters.JUnitReportReporter -->
<testsuite hostname="Yunuss-MacBook-Pro.local" failures="0" tests="4" name="com.class04.ToolsQaEcample" time="15.896" errors="0" timestamp="07 Jun 2019 15:24:03 GMT" skipped="0">
  <testcase classname="com.class04.ToolsQaEcample" name="getData" time="4.113"/>
  <testcase classname="com.class04.ToolsQaEcample" name="getData" time="4.021"/>
  <testcase classname="com.class04.ToolsQaEcample" name="getData" time="3.718"/>
  <testcase classname="com.class04.ToolsQaEcample" name="getData" time="4.044"/>
</testsuite> <!-- com.class04.ToolsQaEcample -->
