<?xml version="1.0" encoding="UTF-8"?>
<!-- Generated by org.testng.reporters.JUnitReportReporter -->
<testsuite hostname="Yunuss-MacBook-Pro.local" failures="0" tests="3" name="com.class02.SmartbearsoftwareExample" time="0.541" errors="0" timestamp="31 May 2019 02:19:50 GMT" skipped="0">
  <testcase classname="com.class02.SmartbearsoftwareExample" name="loginScreenTitle" time="0.008"/>
  <testcase classname="com.class02.SmartbearsoftwareExample" name="login" time="0.509"/>
  <testcase classname="com.class02.SmartbearsoftwareExample" name="webOrders" time="0.024"/>
</testsuite> <!-- com.class02.SmartbearsoftwareExample -->
