<?xml version="1.0" encoding="UTF-8"?>
<!-- Generated by org.testng.reporters.JUnitReportReporter -->
<testsuite hostname="Yunuss-MacBook-Pro.local" failures="0" tests="3" name="com.class01.test" time="0.012" errors="0" timestamp="29 May 2019 01:18:05 GMT" skipped="0">
  <testcase classname="com.class01.test" name="a" time="0.007"/>
  <testcase classname="com.class01.test" name="b" time="0.003"/>
  <testcase classname="com.class01.test" name="test" time="0.002"/>
</testsuite> <!-- com.class01.test -->
