<?xml version="1.0" encoding="UTF-8"?>
<!-- Generated by org.testng.reporters.JUnitReportReporter -->
<testsuite hostname="Yunuss-MacBook-Pro.local" failures="0" tests="3" name="com.class03.MethodsExample" time="0.007" errors="0" timestamp="06 Jun 2019 17:49:49 GMT" skipped="0">
  <testcase classname="com.class03.MethodsExample" name="Two" time="0.001"/>
  <testcase classname="com.class03.MethodsExample" name="One" time="0.005"/>
  <testcase classname="com.class03.MethodsExample" name="Three" time="0.001"/>
</testsuite> <!-- com.class03.MethodsExample -->
