<?xml version="1.0" encoding="UTF-8"?>
<!-- Generated by org.testng.reporters.JUnitReportReporter -->
<testsuite hostname="Yunuss-MacBook-Pro.local" failures="0" tests="4" name="com.class02.EnableAndDisable" time="0.002" errors="0" timestamp="31 May 2019 20:15:09 GMT" skipped="2">
  <testcase classname="com.class02.EnableAndDisable" name="second" time="0.001"/>
  <testcase classname="com.class02.EnableAndDisable" name="forth" time="0.001"/>
  <testcase classname="com.class02.EnableAndDisable" name="third">
    <skipped/>
  </testcase> <!-- third -->
  <testcase classname="com.class02.EnableAndDisable" name="first">
    <skipped/>
  </testcase> <!-- first -->
</testsuite> <!-- com.class02.EnableAndDisable -->
