<?xml version="1.0" encoding="UTF-8"?>
<!-- Generated by org.testng.reporters.JUnitReportReporter -->
<testsuite hostname="Yunuss-MacBook-Pro.local" failures="0" tests="5" name="com.class01.TaskLoginAndOutSauceDemo" time="20.308" errors="0" timestamp="29 May 2019 05:16:12 GMT" skipped="0">
  <testcase classname="com.class01.TaskLoginAndOutSauceDemo" name="Login" time="3.002"/>
  <testcase classname="com.class01.TaskLoginAndOutSauceDemo" name="checkAllMunebarElement" time="2.727"/>
  <testcase classname="com.class01.TaskLoginAndOutSauceDemo" name="Logout" time="2.601"/>
  <testcase classname="com.class01.TaskLoginAndOutSauceDemo" name="about" time="9.073"/>
  <testcase classname="com.class01.TaskLoginAndOutSauceDemo" name="reset" time="2.905"/>
</testsuite> <!-- com.class01.TaskLoginAndOutSauceDemo -->
