<?xml version="1.0" encoding="UTF-8"?>
<!-- Generated by org.testng.reporters.JUnitReportReporter -->
<testsuite hostname="Yunuss-MacBook-Pro.local" failures="0" tests="3" name="com.class03.taskOne" time="8.324" errors="0" timestamp="06 Jun 2019 19:16:12 GMT" skipped="0">
  <testcase classname="com.class03.taskOne" name="personThreeLogin" time="0.952"/>
  <testcase classname="com.class03.taskOne" name="personFourLogin" time="6.203"/>
  <testcase classname="com.class03.taskOne" name="personOneLogin" time="1.169"/>
</testsuite> <!-- com.class03.taskOne -->
