<?xml version="1.0" encoding="UTF-8"?>
<!-- Generated by org.testng.reporters.JUnitReportReporter -->
<testsuite hostname="Yunuss-MacBook-Pro.local" failures="0" tests="7" name="Tasks.Dataprovider" time="7.826" errors="0" timestamp="12 Jun 2019 00:13:54 GMT" skipped="1">
  <testcase classname="Tasks.Dataprovider" name="createUser" time="1.864"/>
  <testcase classname="Tasks.Dataprovider" name="createUser" time="2.121"/>
  <testcase classname="Tasks.Dataprovider" name="verifyUser" time="0.619"/>
  <testcase classname="Tasks.Dataprovider" name="verifyUser" time="0.720"/>
  <testcase classname="Tasks.Dataprovider" name="xUpdateCountry" time="1.185"/>
  <testcase classname="Tasks.Dataprovider" name="xUpdateCountry" time="1.317"/>
  <testcase classname="Tasks.Dataprovider" name="login">
    <skipped/>
  </testcase> <!-- login -->
</testsuite> <!-- Tasks.Dataprovider -->
