<?xml version="1.0" encoding="UTF-8"?>
<!-- Generated by org.testng.reporters.JUnitReportReporter -->
<testsuite hostname="Yunuss-MacBook-Pro.local" failures="0" tests="4" name="com.class02.HomeworkAssertion" time="27.246" errors="0" timestamp="02 Jun 2019 09:27:21 GMT" skipped="1">
  <testcase classname="com.class02.HomeworkAssertion" name="login" time="0.900"/>
  <testcase classname="com.class02.HomeworkAssertion" name="clickPIM" time="20.534"/>
  <testcase classname="com.class02.HomeworkAssertion" name="searchAndVerify" time="5.812"/>
  <testcase classname="com.class02.HomeworkAssertion" name="EditPerson">
    <skipped/>
  </testcase> <!-- EditPerson -->
</testsuite> <!-- com.class02.HomeworkAssertion -->
