<?xml version="1.0" encoding="UTF-8"?>
<!-- Generated by org.testng.reporters.JUnitReportReporter -->
<testsuite hostname="Yunuss-MacBook-Pro.local" failures="0" tests="2" name="com.class05.TaksforDataProvider" time="3.894" errors="0" timestamp="12 Jun 2019 02:19:50 GMT" skipped="0">
  <testcase classname="com.class05.TaksforDataProvider" name="createUser" time="1.857"/>
  <testcase classname="com.class05.TaksforDataProvider" name="createUser" time="2.037"/>
</testsuite> <!-- com.class05.TaksforDataProvider -->
