<?xml version="1.0" encoding="UTF-8"?>
<!-- Generated by org.testng.reporters.JUnitReportReporter -->
<testsuite hostname="Yunuss-MacBook-Pro.local" failures="0" tests="3" name="com.class03.NewtoursExample" time="0.922" errors="0" timestamp="06 Jun 2019 17:55:51 GMT" skipped="0">
  <testcase classname="com.class03.NewtoursExample" name="userInformation" time="0.249"/>
  <testcase classname="com.class03.NewtoursExample" name="contactInformation" time="0.304"/>
  <testcase classname="com.class03.NewtoursExample" name="AddressInformation" time="0.369"/>
</testsuite> <!-- com.class03.NewtoursExample -->
