<?xml version="1.0" encoding="UTF-8"?>
<!-- Generated by org.testng.reporters.JUnitReportReporter -->
<testsuite hostname="Yunuss-MacBook-Pro.local" failures="0" tests="2" name="com.class04.SaucedemoTask" time="11.720" errors="0" timestamp="07 Jun 2019 00:24:26 GMT" skipped="0">
  <testcase classname="com.class04.SaucedemoTask" name="Username2" time="5.910"/>
  <testcase classname="com.class04.SaucedemoTask" name="Username1" time="5.810"/>
</testsuite> <!-- com.class04.SaucedemoTask -->
