<?xml version="1.0" encoding="UTF-8"?>
<!-- Generated by org.testng.reporters.JUnitReportReporter -->
<testsuite hostname="Yunuss-MacBook-Pro.local" failures="0" tests="2" name="com.class03.GroupsExample" time="0.006" errors="0" timestamp="06 Jun 2019 15:56:29 GMT" skipped="0">
  <testcase classname="com.class03.GroupsExample" name="Two" time="0.000"/>
  <testcase classname="com.class03.GroupsExample" name="Four" time="0.006"/>
</testsuite> <!-- com.class03.GroupsExample -->
