<?xml version="1.0" encoding="UTF-8"?>
<!-- Generated by org.testng.reporters.JUnitReportReporter -->
<testsuite hostname="Yunuss-MacBook-Pro.local" failures="0" tests="3" name="com.class01.TestNG" time="62.132" errors="0" timestamp="30 May 2019 22:48:40 GMT" skipped="0">
  <testcase classname="com.class01.TestNG" name="methodFunction" time="35.967"/>
  <testcase classname="com.class01.TestNG" name="WebTable" time="16.659"/>
  <testcase classname="com.class01.TestNG" name="Calender" time="9.506"/>
</testsuite> <!-- com.class01.TestNG -->
