<?xml version="1.0" encoding="UTF-8"?>
<!-- Generated by org.testng.reporters.JUnitReportReporter -->
<testsuite hostname="Yunuss-MacBook-Pro.local" failures="0" tests="7" name="Tasks.Dataprovider" time="7.390" errors="0" timestamp="08 Jun 2019 06:30:08 GMT" skipped="1">
  <testcase classname="Tasks.Dataprovider" name="createUser" time="1.809"/>
  <testcase classname="Tasks.Dataprovider" name="createUser" time="1.980"/>
  <testcase classname="Tasks.Dataprovider" name="verifyUser" time="0.599"/>
  <testcase classname="Tasks.Dataprovider" name="verifyUser" time="0.658"/>
  <testcase classname="Tasks.Dataprovider" name="xUpdateCountry" time="1.139"/>
  <testcase classname="Tasks.Dataprovider" name="xUpdateCountry" time="1.205"/>
  <testcase classname="Tasks.Dataprovider" name="login">
    <skipped/>
  </testcase> <!-- login -->
</testsuite> <!-- Tasks.Dataprovider -->
